proguard_logs/seeds.txt
net.thetranquilpsychonaut.hashtagger.HashtagSuggestionsProvider
net.thetranquilpsychonaut.hashtagger.HashtagSuggestionsProvider: HashtagSuggestionsProvider()
net.thetranquilpsychonaut.hashtagger.HashtaggerApp
net.thetranquilpsychonaut.hashtagger.HashtaggerApp: HashtaggerApp()
net.thetranquilpsychonaut.hashtagger.R$animator: int fade_loop
net.thetranquilpsychonaut.hashtagger.R$array: int trendingSpinnerChoices
net.thetranquilpsychonaut.hashtagger.R$attr: int GPlusDetailViewStyle
net.thetranquilpsychonaut.hashtagger.R$attr: int newResultsBarStyle
net.thetranquilpsychonaut.hashtagger.R$attr: int sitesFooterStyle
net.thetranquilpsychonaut.hashtagger.R$attr: int sitesListRowStyle
net.thetranquilpsychonaut.hashtagger.R$color: int error_red
net.thetranquilpsychonaut.hashtagger.R$color: int facebook_blue
net.thetranquilpsychonaut.hashtagger.R$color: int facebook_light_blue
net.thetranquilpsychonaut.hashtagger.R$color: int facebook_lighter_blue
net.thetranquilpsychonaut.hashtagger.R$color: int gplus_gray
net.thetranquilpsychonaut.hashtagger.R$color: int gplus_red
net.thetranquilpsychonaut.hashtagger.R$color: int light_orange
net.thetranquilpsychonaut.hashtagger.R$color: int link_background_pressed
net.thetranquilpsychonaut.hashtagger.R$color: int login_button_pressed
net.thetranquilpsychonaut.hashtagger.R$color: int orange
net.thetranquilpsychonaut.hashtagger.R$color: int sites_button_pressed
net.thetranquilpsychonaut.hashtagger.R$color: int text_faded
net.thetranquilpsychonaut.hashtagger.R$color: int twitter_background_blue
net.thetranquilpsychonaut.hashtagger.R$color: int twitter_dark_blue
net.thetranquilpsychonaut.hashtagger.R$color: int twitter_logo_blue
net.thetranquilpsychonaut.hashtagger.R$color: int twitter_verified_blue
net.thetranquilpsychonaut.hashtagger.R$color: int twitter_white
net.thetranquilpsychonaut.hashtagger.R$dimen: int card_padding
net.thetranquilpsychonaut.hashtagger.R$dimen: int content_padding
net.thetranquilpsychonaut.hashtagger.R$dimen: int default_text_padding
net.thetranquilpsychonaut.hashtagger.R$dimen: int layout_padding
net.thetranquilpsychonaut.hashtagger.R$dimen: int link_padding
net.thetranquilpsychonaut.hashtagger.R$dimen: int shadow_padding
net.thetranquilpsychonaut.hashtagger.R$drawable: int bottom_bar_shadow
net.thetranquilpsychonaut.hashtagger.R$drawable: int card
net.thetranquilpsychonaut.hashtagger.R$drawable: int card_selected
net.thetranquilpsychonaut.hashtagger.R$drawable: int drawable_image_loading
net.thetranquilpsychonaut.hashtagger.R$drawable: int facebook_comment
net.thetranquilpsychonaut.hashtagger.R$drawable: int facebook_icon_background
net.thetranquilpsychonaut.hashtagger.R$drawable: int facebook_icon_background_selected
net.thetranquilpsychonaut.hashtagger.R$drawable: int facebook_icon_flat
net.thetranquilpsychonaut.hashtagger.R$drawable: int facebook_like
net.thetranquilpsychonaut.hashtagger.R$drawable: int facebook_like_on
net.thetranquilpsychonaut.hashtagger.R$drawable: int facebook_logo
net.thetranquilpsychonaut.hashtagger.R$drawable: int facebook_share
net.thetranquilpsychonaut.hashtagger.R$drawable: int facebook_share_on
net.thetranquilpsychonaut.hashtagger.R$drawable: int facebook_sketch
net.thetranquilpsychonaut.hashtagger.R$drawable: int google_icon_flat
net.thetranquilpsychonaut.hashtagger.R$drawable: int gplus_icon_background
net.thetranquilpsychonaut.hashtagger.R$drawable: int gplus_icon_background_selected
net.thetranquilpsychonaut.hashtagger.R$drawable: int gplus_icon_flat
net.thetranquilpsychonaut.hashtagger.R$drawable: int gplus_logo
net.thetranquilpsychonaut.hashtagger.R$drawable: int gplus_one
net.thetranquilpsychonaut.hashtagger.R$drawable: int gplus_sketch
...
android.support.v4.app.FragmentManager$BackStackEntry
android.support.v4.app.FragmentManager$BackStackEntry: int getId()
android.support.v4.app.FragmentManager$BackStackEntry: java.lang.String getName()
android.support.v4.app.FragmentManager$BackStackEntry: int getBreadCrumbTitleRes()
android.support.v4.app.FragmentManager$BackStackEntry: int getBreadCrumbShortTitleRes()
android.support.v4.app.FragmentManager$BackStackEntry: java.lang.CharSequence getBreadCrumbTitle()
android.support.v4.app.FragmentManager$BackStackEntry: java.lang.CharSequence getBreadCrumbShortTitle()
android.support.v4.app.FragmentManager$OnBackStackChangedListener
android.support.v4.app.FragmentManager$OnBackStackChangedListener: void onBackStackChanged()
android.support.v4.app.FragmentManagerImpl
android.support.v4.app.FragmentManagerImpl: boolean DEBUG
android.support.v4.app.FragmentManagerImpl: java.lang.String TAG
android.support.v4.app.FragmentManagerImpl: boolean HONEYCOMB
android.support.v4.app.FragmentManagerImpl: java.lang.String TARGET_REQUEST_CODE_STATE_TAG
android.support.v4.app.FragmentManagerImpl: java.lang.String TARGET_STATE_TAG
android.support.v4.app.FragmentManagerImpl: java.lang.String VIEW_STATE_TAG
android.support.v4.app.FragmentManagerImpl: java.lang.String USER_VISIBLE_HINT_TAG
android.support.v4.app.FragmentManagerImpl: java.util.ArrayList mPendingActions
android.support.v4.app.FragmentManagerImpl: java.lang.Runnable[] mTmpActions
android.support.v4.app.FragmentManagerImpl: boolean mExecutingActions
android.support.v4.app.FragmentManagerImpl: java.util.ArrayList mActive
android.support.v4.app.FragmentManagerImpl: java.util.ArrayList mAdded
android.support.v4.app.FragmentManagerImpl: java.util.ArrayList mAvailIndices
android.support.v4.app.FragmentManagerImpl: java.util.ArrayList mBackStack
android.support.v4.app.FragmentManagerImpl: java.util.ArrayList mCreatedMenus
android.support.v4.app.FragmentManagerImpl: java.util.ArrayList mBackStackIndices
android.support.v4.app.FragmentManagerImpl: java.util.ArrayList mAvailBackStackIndices
android.support.v4.app.FragmentManagerImpl: java.util.ArrayList mBackStackChangeListeners
android.support.v4.app.FragmentManagerImpl: int mCurState
android.support.v4.app.FragmentManagerImpl$1
android.support.v4.app.FragmentManagerImpl$1: android.support.v4.app.FragmentManagerImpl this$0
android.support.v4.app.FragmentManagerImpl$1: FragmentManagerImpl$1(android.support.v4.app.FragmentManagerImpl)
android.support.v4.app.FragmentManagerImpl$1: void run()
android.support.v4.app.FragmentManagerImpl$2
android.support.v4.app.FragmentManagerImpl$2: android.support.v4.app.FragmentManagerImpl this$0
android.support.v4.app.FragmentManagerImpl$2: FragmentManagerImpl$2(android.support.v4.app.FragmentManagerImpl)
android.support.v4.app.FragmentManagerImpl$2: void run()
android.support.v4.app.FragmentManagerImpl$3
android.support.v4.app.FragmentManagerImpl$3: java.lang.String val$name
android.support.v4.app.FragmentManagerImpl$3: int val$flags
android.support.v4.app.FragmentManagerImpl$3: android.support.v4.app.FragmentManagerImpl this$0
android.support.v4.app.FragmentManagerImpl$3: FragmentManagerImpl$3(android.support.v4.app.FragmentManagerImpl,java.lang.String,int)
android.support.v4.app.FragmentManagerImpl$3: void run()
android.support.v4.app.FragmentManagerImpl$4
android.support.v4.app.FragmentManagerImpl$4: int val$id
android.support.v4.app.FragmentManagerImpl$4: int val$flags
android.support.v4.app.FragmentManagerImpl$4: android.support.v4.app.FragmentManagerImpl this$0
android.support.v4.app.FragmentManagerImpl$4: FragmentManagerImpl$4(android.support.v4.app.FragmentManagerImpl,int,int)
android.support.v4.app.FragmentManagerImpl$4: void run()