proguard_logs/mapping.txt
net.thetranquilpsychonaut.hashtagger.HashtagSuggestionsProvider -> net.thetranquilpsychonaut.hashtagger.HashtagSuggestionsProvider:
net.thetranquilpsychonaut.hashtagger.HashtaggerApp -> net.thetranquilpsychonaut.hashtagger.HashtaggerApp:
    net.thetranquilpsychonaut.hashtagger.HashtaggerApp app -> a
    com.squareup.otto.Bus bus -> b
    void onCreate() -> onCreate
    boolean isNetworkConnected() -> a
net.thetranquilpsychonaut.hashtagger.R -> net.thetranquilpsychonaut.hashtagger.a:
net.thetranquilpsychonaut.hashtagger.R$styleable -> net.thetranquilpsychonaut.hashtagger.b:
    int[] GPlusDetailView -> GPlusDetailView
    int GPlusDetailView_GPlusDetailViewStyle -> GPlusDetailView_GPlusDetailViewStyle
    int[] NewResultsBar -> NewResultsBar
    int NewResultsBar_newResultsBarStyle -> NewResultsBar_newResultsBarStyle
    int[] SitesFooterView -> SitesFooterView
    int SitesFooterView_sitesFooterStyle -> SitesFooterView_sitesFooterStyle
    int[] SitesListRow -> SitesListRow
    int SitesListRow_sitesListRowStyle -> SitesListRow_sitesListRowStyle
    int[] TwoWayView -> TwoWayView
    int TwoWayView_android_alpha -> TwoWayView_android_alpha
    int TwoWayView_android_background -> TwoWayView_android_background
    int TwoWayView_android_choiceMode -> TwoWayView_android_choiceMode
    int TwoWayView_android_clickable -> TwoWayView_android_clickable
    int TwoWayView_android_contentDescription -> TwoWayView_android_contentDescription
    int TwoWayView_android_drawSelectorOnTop -> TwoWayView_android_drawSelectorOnTop
    int TwoWayView_android_drawingCacheQuality -> TwoWayView_android_drawingCacheQuality
    int TwoWayView_android_duplicateParentState -> TwoWayView_android_duplicateParentState
    int TwoWayView_android_fadeScrollbars -> TwoWayView_android_fadeScrollbars
    int TwoWayView_android_fadingEdge -> TwoWayView_android_fadingEdge
    int TwoWayView_android_fadingEdgeLength -> TwoWayView_android_fadingEdgeLength
net.thetranquilpsychonaut.hashtagger.config.FacebookConfig -> net.thetranquilpsychonaut.hashtagger.a.a:
    facebook4j.conf.Configuration CONFIGURATION -> a
net.thetranquilpsychonaut.hashtagger.config.GPlusConfig -> net.thetranquilpsychonaut.hashtagger.a.b:
    com.google.api.client.googleapis.auth.oauth2.GoogleClientSecrets SECRETS -> a
net.thetranquilpsychonaut.hashtagger.config.TwitterConfig -> net.thetranquilpsychonaut.hashtagger.a.c:
    twitter4j.conf.Configuration CONFIGURATION -> a
net.thetranquilpsychonaut.hashtagger.cwacpager.ArrayPagerAdapter -> net.thetranquilpsychonaut.hashtagger.cwacpager.ArrayPagerAdapter:
    android.support.v4.app.FragmentManager fm -> b
    java.util.ArrayList entries -> c
    android.support.v4.app.FragmentTransaction currTransaction -> d
    android.support.v4.app.Fragment currPrimaryItem -> e
    java.util.HashMap positionDelta -> f
    net.thetranquilpsychonaut.hashtagger.cwacpager.ArrayPagerAdapter$RetentionStrategy retentionStrategy -> g
    net.thetranquilpsychonaut.hashtagger.cwacpager.ArrayPagerAdapter$RetentionStrategy KEEP -> a
    android.support.v4.app.Fragment createFragment(net.thetranquilpsychonaut.hashtagger.cwacpager.PageDescriptor) -> a
    int getCount() -> getCount
    void startUpdate(android.view.ViewGroup) -> startUpdate
    java.lang.Object instantiateItem(android.view.ViewGroup,int) -> instantiateItem
    void destroyItem(android.view.ViewGroup,int,java.lang.Object) -> destroyItem
    void setPrimaryItem(android.view.ViewGroup,int,java.lang.Object) -> setPrimaryItem
    void finishUpdate(android.view.ViewGroup) -> finishUpdate
    boolean isViewFromObject(android.view.View,java.lang.Object) -> isViewFromObject
    android.os.Parcelable saveState() -> saveState
    void restoreState(android.os.Parcelable,java.lang.ClassLoader) -> restoreState
    java.lang.String getPageTitle(int) -> a
    int getItemPosition(java.lang.Object) -> getItemPosition
...
android.support.v4.app.ActionBarDrawerToggle$SlideDrawable -> android.support.v4.app.ActionBarDrawerToggle$SlideDrawable:
    boolean mHasMirroring -> mHasMirroring
    android.graphics.Rect mTmpRect -> mTmpRect
    float mPosition -> mPosition
    float mOffset -> mOffset
    android.support.v4.app.ActionBarDrawerToggle this$0 -> this$0
    void setPosition(float) -> setPosition
    float getPosition() -> getPosition
    void setOffset(float) -> setOffset
    void draw(android.graphics.Canvas) -> draw
android.support.v4.app.ActionBarDrawerToggleHoneycomb -> android.support.v4.app.ActionBarDrawerToggleHoneycomb:
    java.lang.String TAG -> TAG
    int[] THEME_ATTRS -> THEME_ATTRS
    java.lang.Object setActionBarUpIndicator(java.lang.Object,android.app.Activity,android.graphics.drawable.Drawable,int) -> setActionBarUpIndicator
    java.lang.Object setActionBarDescription(java.lang.Object,android.app.Activity,int) -> setActionBarDescription
    android.graphics.drawable.Drawable getThemeUpIndicator(android.app.Activity) -> getThemeUpIndicator
android.support.v4.app.ActionBarDrawerToggleHoneycomb$SetIndicatorInfo -> android.support.v4.app.ActionBarDrawerToggleHoneycomb$SetIndicatorInfo:
    java.lang.reflect.Method setHomeAsUpIndicator -> setHomeAsUpIndicator
    java.lang.reflect.Method setHomeActionContentDescription -> setHomeActionContentDescription
    android.widget.ImageView upIndicatorView -> upIndicatorView
android.support.v4.app.ActionBarDrawerToggleJellybeanMR2 -> android.support.v4.app.ActionBarDrawerToggleJellybeanMR2:
    java.lang.String TAG -> TAG
    int[] THEME_ATTRS -> THEME_ATTRS
    java.lang.Object setActionBarUpIndicator(java.lang.Object,android.app.Activity,android.graphics.drawable.Drawable,int) -> setActionBarUpIndicator
    java.lang.Object setActionBarDescription(java.lang.Object,android.app.Activity,int) -> setActionBarDescription
    android.graphics.drawable.Drawable getThemeUpIndicator(android.app.Activity) -> getThemeUpIndicator
android.support.v4.app.ActivityCompat -> android.support.v4.app.ActivityCompat:
    boolean invalidateOptionsMenu(android.app.Activity) -> invalidateOptionsMenu
    void startActivity(android.app.Activity,android.content.Intent,android.os.Bundle) -> startActivity
    void startActivityForResult(android.app.Activity,android.content.Intent,int,android.os.Bundle) -> startActivityForResult
    void finishAffinity(android.app.Activity) -> finishAffinity
android.support.v4.app.ActivityCompatHoneycomb -> android.support.v4.app.ActivityCompatHoneycomb:
    void invalidateOptionsMenu(android.app.Activity) -> invalidateOptionsMenu
    void dump(android.app.Activity,java.lang.String,java.io.FileDescriptor,java.io.PrintWriter,java.lang.String[]) -> dump
android.support.v4.app.ActivityCompatJB -> android.support.v4.app.ActivityCompatJB:
    void startActivity(android.content.Context,android.content.Intent,android.os.Bundle) -> startActivity
    void startActivityForResult(android.app.Activity,android.content.Intent,int,android.os.Bundle) -> startActivityForResult
    void finishAffinity(android.app.Activity) -> finishAffinity
android.support.v4.app.ActivityOptionsCompat -> android.support.v4.app.ActivityOptionsCompat:
    android.support.v4.app.ActivityOptionsCompat makeCustomAnimation(android.content.Context,int,int) -> makeCustomAnimation
    android.support.v4.app.ActivityOptionsCompat makeScaleUpAnimation(android.view.View,int,int,int,int) -> makeScaleUpAnimation
    android.support.v4.app.ActivityOptionsCompat makeThumbnailScaleUpAnimation(android.view.View,android.graphics.Bitmap,int,int) -> makeThumbnailScaleUpAnimation
    android.os.Bundle toBundle() -> toBundle
    void update(android.support.v4.app.ActivityOptionsCompat) -> update