proguard_logs/usage.txt
net.thetranquilpsychonaut.hashtagger.BuildConfig
net.thetranquilpsychonaut.hashtagger.HashtagSuggestionsProvider:
    public static final java.lang.String AUTHORITY
    public static final int MODE
net.thetranquilpsychonaut.hashtagger.HashtaggerApp:
    public static final java.lang.String PACKAGE_NAMESPACE
    public static final java.lang.String NAMESPACE
    public static final java.lang.String HASHTAG_KEY
    public static final int TOTAL_SITES_COUNT
    public static final java.lang.String TWITTER
    public static final int TWITTER_VALUE
    public static final java.lang.String TWITTER_SEARCH_ACTION
    public static final java.lang.String TWITTER_LOGIN_ACTION
    public static final java.lang.String FACEBOOK
    public static final int FACEBOOK_VALUE
    public static final java.lang.String FACEBOOK_LOGIN_ACTION
    public static final java.lang.String FACEBOOK_SEARCH_ACTION
    public static final java.lang.String GPLUS
    public static final int GPLUS_VALUE
    public static final java.lang.String GPLUS_LOGIN_ACTION
    public static final java.lang.String GPLUS_SEARCH_ACTION
net.thetranquilpsychonaut.hashtagger.R:
    10:377:public R()
net.thetranquilpsychonaut.hashtagger.R$animator
net.thetranquilpsychonaut.hashtagger.R$array
net.thetranquilpsychonaut.hashtagger.R$attr
net.thetranquilpsychonaut.hashtagger.R$color
net.thetranquilpsychonaut.hashtagger.R$dimen
net.thetranquilpsychonaut.hashtagger.R$drawable
net.thetranquilpsychonaut.hashtagger.R$id
net.thetranquilpsychonaut.hashtagger.R$layout
net.thetranquilpsychonaut.hashtagger.R$menu
net.thetranquilpsychonaut.hashtagger.R$string
net.thetranquilpsychonaut.hashtagger.R$style
net.thetranquilpsychonaut.hashtagger.R$styleable:
    377:377:public R$styleable()
net.thetranquilpsychonaut.hashtagger.R$xml
net.thetranquilpsychonaut.hashtagger.config.FacebookConfig:
    public static final java.lang.String FACEBOOK_OAUTH_APP_ID
    public static final java.lang.String FACEBOOK_OAUTH_APP_SECRET
    9:9:public FacebookConfig()
net.thetranquilpsychonaut.hashtagger.config.GPlusConfig:
    public static final java.lang.String GPLUS_OAUTH_CLIENT_ID
    public static final java.lang.String GPLUS_OAUTH_CLIENT_SECRET
    public static final java.lang.String APP_NAME
    8:8:public GPlusConfig()
net.thetranquilpsychonaut.hashtagger.config.TwitterConfig:
    public static final java.lang.String TWITTER_OAUTH_CONSUMER_KEY
    public static final java.lang.String TWITTER_OAUTH_CONSUMER_SECRET
    9:9:public TwitterConfig()
net.thetranquilpsychonaut.hashtagger.cwacpager.ArrayPagerAdapter:
    private static final java.lang.String KEY_DESCRIPTORS
    205:209:public void add(net.thetranquilpsychonaut.hashtagger.cwacpager.PageDescriptor)
    317:317:public android.support.v4.app.Fragment getCurrentFragment()
net.thetranquilpsychonaut.hashtagger.enums.ActionType
net.thetranquilpsychonaut.hashtagger.enums.AuthType
net.thetranquilpsychonaut.hashtagger.enums.Result
net.thetranquilpsychonaut.hashtagger.enums.SearchType
net.thetranquilpsychonaut.hashtagger.events.SavedHashtagDeletedEvent:
    17:17:public java.lang.String getDeletedHashtag()
net.thetranquilpsychonaut.hashtagger.events.TwitterFavoriteEvent:
    23:23:public int getPosition()
    28:28:public twitter4j.Status getStatus()
    33:33:public boolean getSuccess()
net.thetranquilpsychonaut.hashtagger.events.TwitterReplyEvent:
    17:17:public boolean getSuccess()
net.thetranquilpsychonaut.hashtagger.events.TwitterRetweetEvent:
    23:23:public int getPosition()
    28:28:public twitter4j.Status getStatus()
    33:33:public boolean getSuccess()
net.thetranquilpsychonaut.hashtagger.savedhashtags.SavedHashtagsDBContract
net.thetranquilpsychonaut.hashtagger.savedhashtags.SavedHashtagsDBContract$SavedHashtags
net.thetranquilpsychonaut.hashtagger.savedhashtags.SavedHashtagsProvider:
    private static final int HASHTAGS
    private static final int HASHTAG_ID
...
android.support.v4.view.VelocityTrackerCompat:
    25:51:public VelocityTrackerCompat()
android.support.v4.view.VelocityTrackerCompatHoneycomb:
    24:24:VelocityTrackerCompatHoneycomb()
android.support.v4.view.ViewCompat:
    public static final int OVER_SCROLL_ALWAYS
    public static final int OVER_SCROLL_IF_CONTENT_SCROLLS
    public static final int OVER_SCROLL_NEVER
    private static final long FAKE_FRAME_TIME
    public static final int IMPORTANT_FOR_ACCESSIBILITY_AUTO
    public static final int IMPORTANT_FOR_ACCESSIBILITY_YES
    public static final int IMPORTANT_FOR_ACCESSIBILITY_NO
    public static final int IMPORTANT_FOR_ACCESSIBILITY_NO_HIDE_DESCENDANTS
    public static final int ACCESSIBILITY_LIVE_REGION_NONE
    public static final int ACCESSIBILITY_LIVE_REGION_POLITE
    public static final int ACCESSIBILITY_LIVE_REGION_ASSERTIVE
    public static final int LAYER_TYPE_NONE
    public static final int LAYER_TYPE_SOFTWARE
    public static final int LAYER_TYPE_HARDWARE
    public static final int LAYOUT_DIRECTION_LTR
    public static final int LAYOUT_DIRECTION_RTL
    public static final int LAYOUT_DIRECTION_INHERIT
    public static final int LAYOUT_DIRECTION_LOCALE
    public static final int MEASURED_SIZE_MASK
    public static final int MEASURED_STATE_MASK
    public static final int MEASURED_HEIGHT_STATE_SHIFT
    public static final int MEASURED_STATE_TOO_SMALL
    34:534:public ViewCompat()
    651:652:public static void onPopulateAccessibilityEvent(android.view.View,android.view.accessibility.AccessibilityEvent)
android.support.v4.view.ViewCompat$BaseViewCompatImpl:
    252:252:public void onPopulateAccessibilityEvent(android.view.View,android.view.accessibility.AccessibilityEvent)
    255:255:public void onInitializeAccessibilityEvent(android.view.View,android.view.accessibility.AccessibilityEvent)
    258:258:public void onInitializeAccessibilityNodeInfo(android.view.View,android.support.v4.view.accessibility.AccessibilityNodeInfoCompat)
    265:265:public void setHasTransientState(android.view.View,boolean)
    276:277:public void postOnAnimationDelayed(android.view.View,java.lang.Runnable,long)
    288:288:public boolean performAccessibilityAction(android.view.View,int,android.os.Bundle)
    291:291:public android.support.v4.view.accessibility.AccessibilityNodeProviderCompat getAccessibilityNodeProvider(android.view.View)
    294:294:public float getAlpha(android.view.View)
    303:303:public int getLabelFor(android.view.View)
    307:307:public void setLabelFor(android.view.View,int)
    320:320:public void setLayoutDirection(android.view.View,int)
    337:337:public int resolveSizeAndState(int,int,int)
    342:342:public int getMeasuredWidthAndState(android.view.View)
    347:347:public int getMeasuredHeightAndState(android.view.View)
    352:352:public int getMeasuredState(android.view.View)
    357:357:public int getAccessibilityLiveRegion(android.view.View)
    363:363:public void setAccessibilityLiveRegion(android.view.View,int)
android.support.v4.view.ViewCompat$HCViewCompatImpl:
    391:391:public float getAlpha(android.view.View)
    411:411:public int resolveSizeAndState(int,int,int)
    415:415:public int getMeasuredWidthAndState(android.view.View)
    419:419:public int getMeasuredHeightAndState(android.view.View)
    423:423:public int getMeasuredState(android.view.View)
android.support.v4.view.ViewCompat$ICSViewCompatImpl:
    438:439:public void onPopulateAccessibilityEvent(android.view.View,android.view.accessibility.AccessibilityEvent)
    442:443:public void onInitializeAccessibilityEvent(android.view.View,android.view.accessibility.AccessibilityEvent)
    446:447:public void onInitializeAccessibilityNodeInfo(android.view.View,android.support.v4.view.accessibility.AccessibilityNodeInfoCompat)